2024/05/22 05:37:23 [notice] 1#1: signal 3 (SIGQUIT) received, shutting down
2024/05/22 05:37:23 [notice] 29#29: gracefully shutting down
2024/05/22 05:37:23 [notice] 31#31: gracefully shutting down
2024/05/22 05:37:23 [notice] 32#32: gracefully shutting down
2024/05/22 05:37:23 [notice] 29#29: exiting
2024/05/22 05:37:23 [notice] 30#30: gracefully shutting down
2024/05/22 05:37:23 [notice] 34#34: gracefully shutting down
2024/05/22 05:37:23 [notice] 33#33: gracefully shutting down
2024/05/22 05:37:23 [notice] 35#35: gracefully shutting down
2024/05/22 05:37:23 [notice] 36#36: gracefully shutting down
2024/05/22 05:37:23 [notice] 31#31: exiting
2024/05/22 05:37:23 [notice] 35#35: exiting
2024/05/22 05:37:23 [notice] 32#32: exiting
2024/05/22 05:37:23 [notice] 29#29: exit
2024/05/22 05:37:23 [notice] 30#30: exiting
2024/05/22 05:37:23 [notice] 34#34: exiting
2024/05/22 05:37:23 [notice] 33#33: exiting
2024/05/22 05:37:23 [notice] 31#31: exit
2024/05/22 05:37:23 [notice] 33#33: exit
2024/05/22 05:37:23 [notice] 36#36: exiting
2024/05/22 05:37:23 [notice] 35#35: exit
2024/05/22 05:37:23 [notice] 36#36: exit
2024/05/22 05:37:23 [notice] 32#32: exit
2024/05/22 05:37:23 [notice] 30#30: exit
2024/05/22 05:37:23 [notice] 34#34: exit
2024/05/22 05:37:23 [notice] 1#1: signal 17 (SIGCHLD) received from 29
2024/05/22 05:37:23 [notice] 1#1: worker process 29 exited with code 0
2024/05/22 05:37:23 [notice] 1#1: worker process 30 exited with code 0
2024/05/22 05:37:23 [notice] 1#1: worker process 31 exited with code 0
2024/05/22 05:37:23 [notice] 1#1: worker process 33 exited with code 0
2024/05/22 05:37:23 [notice] 1#1: worker process 34 exited with code 0
2024/05/22 05:37:23 [notice] 1#1: worker process 36 exited with code 0
2024/05/22 05:37:23 [notice] 1#1: signal 29 (SIGIO) received
2024/05/22 05:37:23 [notice] 1#1: signal 17 (SIGCHLD) received from 34
2024/05/22 05:37:23 [notice] 1#1: signal 17 (SIGCHLD) received from 35
2024/05/22 05:37:23 [notice] 1#1: worker process 32 exited with code 0
2024/05/22 05:37:23 [notice] 1#1: worker process 35 exited with code 0
2024/05/22 05:37:23 [notice] 1#1: exit
2024/05/22 05:37:24 [notice] 1#1: using the "epoll" event method
2024/05/22 05:37:24 [notice] 1#1: nginx/1.21.5
2024/05/22 05:37:24 [notice] 1#1: built by gcc 10.2.1 20210110 (Debian 10.2.1-6) 
2024/05/22 05:37:24 [notice] 1#1: OS: Linux 6.6.26-linuxkit
2024/05/22 05:37:24 [notice] 1#1: getrlimit(RLIMIT_NOFILE): 1048576:1048576
2024/05/22 05:37:24 [notice] 1#1: start worker processes
2024/05/22 05:37:24 [notice] 1#1: start worker process 30
2024/05/22 05:37:24 [notice] 1#1: start worker process 31
2024/05/22 05:37:24 [notice] 1#1: start worker process 32
2024/05/22 05:37:24 [notice] 1#1: start worker process 33
2024/05/22 05:37:24 [notice] 1#1: start worker process 34
2024/05/22 05:37:24 [notice] 1#1: start worker process 35
2024/05/22 05:37:24 [notice] 1#1: start worker process 36
2024/05/22 05:37:24 [notice] 1#1: start worker process 37
2024/05/22 06:02:04 [error] 30#30: *16 connect() failed (111: Connection refused) while connecting to upstream, client: 192.168.65.1, server: localhost, request: "POST /api/screening/n/subscribe/loginBySessionId.json HTTP/1.1", upstream: "http://172.18.0.2:8003/screening/n/subscribe/loginBySessionId.json", host: "127.0.0.1:9001"
2024/05/22 06:02:06 [error] 30#30: *16 connect() failed (111: Connection refused) while connecting to upstream, client: 192.168.65.1, server: localhost, request: "POST /api/screening/n/subscribe/loginBySessionId.json HTTP/1.1", upstream: "http://172.18.0.2:8003/screening/n/subscribe/loginBySessionId.json", host: "127.0.0.1:9001"
2024/05/22 06:02:12 [error] 30#30: *16 connect() failed (111: Connection refused) while connecting to upstream, client: 192.168.65.1, server: localhost, request: "POST /api/screening/m/type/toPage.json HTTP/1.1", upstream: "http://172.18.0.2:8003/screening/m/type/toPage.json", host: "127.0.0.1:9001"
2024/05/22 06:02:41 [notice] 1#1: signal 3 (SIGQUIT) received, shutting down
2024/05/22 06:02:41 [notice] 30#30: gracefully shutting down
2024/05/22 06:02:41 [notice] 31#31: gracefully shutting down
2024/05/22 06:02:41 [notice] 32#32: gracefully shutting down
2024/05/22 06:02:41 [notice] 33#33: gracefully shutting down
2024/05/22 06:02:41 [notice] 35#35: gracefully shutting down
2024/05/22 06:02:41 [notice] 37#37: gracefully shutting down
2024/05/22 06:02:41 [notice] 36#36: gracefully shutting down
2024/05/22 06:02:41 [notice] 34#34: gracefully shutting down
2024/05/22 06:02:41 [notice] 30#30: exiting
2024/05/22 06:02:41 [notice] 31#31: exiting
2024/05/22 06:02:41 [notice] 32#32: exiting
2024/05/22 06:02:41 [notice] 33#33: exiting
2024/05/22 06:02:41 [notice] 35#35: exiting
2024/05/22 06:02:41 [notice] 36#36: exiting
2024/05/22 06:02:41 [notice] 37#37: exiting
2024/05/22 06:02:41 [notice] 34#34: exiting
2024/05/22 06:02:41 [notice] 31#31: exit
2024/05/22 06:02:41 [notice] 30#30: exit
2024/05/22 06:02:41 [notice] 32#32: exit
2024/05/22 06:02:41 [notice] 33#33: exit
2024/05/22 06:02:41 [notice] 35#35: exit
2024/05/22 06:02:41 [notice] 36#36: exit
2024/05/22 06:02:41 [notice] 37#37: exit
2024/05/22 06:02:41 [notice] 34#34: exit
2024/05/22 06:02:41 [notice] 1#1: signal 17 (SIGCHLD) received from 30
2024/05/22 06:02:41 [notice] 1#1: worker process 30 exited with code 0
2024/05/22 06:02:41 [notice] 1#1: worker process 31 exited with code 0
2024/05/22 06:02:41 [notice] 1#1: worker process 32 exited with code 0
2024/05/22 06:02:41 [notice] 1#1: worker process 33 exited with code 0
2024/05/22 06:02:41 [notice] 1#1: worker process 34 exited with code 0
2024/05/22 06:02:41 [notice] 1#1: worker process 36 exited with code 0
2024/05/22 06:02:41 [notice] 1#1: worker process 37 exited with code 0
2024/05/22 06:02:41 [notice] 1#1: signal 29 (SIGIO) received
2024/05/22 06:02:41 [notice] 1#1: signal 17 (SIGCHLD) received from 33
2024/05/22 06:02:41 [notice] 1#1: signal 17 (SIGCHLD) received from 35
2024/05/22 06:02:41 [notice] 1#1: worker process 35 exited with code 0
2024/05/22 06:02:41 [notice] 1#1: exit
2024/05/22 06:22:33 [notice] 1#1: using the "epoll" event method
2024/05/22 06:22:33 [notice] 1#1: nginx/1.21.5
2024/05/22 06:22:33 [notice] 1#1: built by gcc 10.2.1 20210110 (Debian 10.2.1-6) 
2024/05/22 06:22:33 [notice] 1#1: OS: Linux 6.6.26-linuxkit
2024/05/22 06:22:33 [notice] 1#1: getrlimit(RLIMIT_NOFILE): 1048576:1048576
2024/05/22 06:22:33 [notice] 1#1: start worker processes
2024/05/22 06:22:33 [notice] 1#1: start worker process 30
2024/05/22 06:22:33 [notice] 1#1: start worker process 31
2024/05/22 06:22:33 [notice] 1#1: start worker process 32
2024/05/22 06:22:33 [notice] 1#1: start worker process 33
2024/05/22 06:22:33 [notice] 1#1: start worker process 34
2024/05/22 06:22:33 [notice] 1#1: start worker process 35
2024/05/22 06:22:33 [notice] 1#1: start worker process 36
2024/05/22 06:22:33 [notice] 1#1: start worker process 37
2024/05/22 06:40:13 [notice] 1#1: signal 3 (SIGQUIT) received, shutting down
2024/05/22 06:40:13 [notice] 32#32: gracefully shutting down
2024/05/22 06:40:13 [notice] 30#30: gracefully shutting down
2024/05/22 06:40:13 [notice] 31#31: gracefully shutting down
2024/05/22 06:40:13 [notice] 36#36: gracefully shutting down
2024/05/22 06:40:13 [notice] 34#34: gracefully shutting down
2024/05/22 06:40:13 [notice] 37#37: gracefully shutting down
2024/05/22 06:40:13 [notice] 34#34: exiting
2024/05/22 06:40:13 [notice] 35#35: gracefully shutting down
2024/05/22 06:40:13 [notice] 34#34: exit
2024/05/22 06:40:13 [notice] 33#33: gracefully shutting down
2024/05/22 06:40:13 [notice] 35#35: exiting
2024/05/22 06:40:13 [notice] 32#32: exiting
2024/05/22 06:40:13 [notice] 30#30: exiting
2024/05/22 06:40:13 [notice] 31#31: exiting
2024/05/22 06:40:13 [notice] 37#37: exiting
2024/05/22 06:40:13 [notice] 36#36: exiting
2024/05/22 06:40:13 [notice] 33#33: exiting
2024/05/22 06:40:13 [notice] 35#35: exit
2024/05/22 06:40:13 [notice] 32#32: exit
2024/05/22 06:40:13 [notice] 31#31: exit
2024/05/22 06:40:13 [notice] 37#37: exit
2024/05/22 06:40:13 [notice] 30#30: exit
2024/05/22 06:40:13 [notice] 36#36: exit
2024/05/22 06:40:13 [notice] 33#33: exit
2024/05/22 06:40:13 [notice] 1#1: signal 17 (SIGCHLD) received from 34
2024/05/22 06:40:13 [notice] 1#1: worker process 34 exited with code 0
2024/05/22 06:40:13 [notice] 1#1: worker process 37 exited with code 0
2024/05/22 06:40:13 [notice] 1#1: signal 29 (SIGIO) received
2024/05/22 06:40:13 [notice] 1#1: signal 17 (SIGCHLD) received from 32
2024/05/22 06:40:13 [notice] 1#1: worker process 30 exited with code 0
2024/05/22 06:40:13 [notice] 1#1: worker process 31 exited with code 0
2024/05/22 06:40:13 [notice] 1#1: worker process 32 exited with code 0
2024/05/22 06:40:13 [notice] 1#1: worker process 33 exited with code 0
2024/05/22 06:40:13 [notice] 1#1: worker process 35 exited with code 0
2024/05/22 06:40:13 [notice] 1#1: worker process 36 exited with code 0
2024/05/22 06:40:13 [notice] 1#1: exit
2024/05/22 06:40:14 [notice] 1#1: using the "epoll" event method
2024/05/22 06:40:14 [notice] 1#1: nginx/1.21.5
2024/05/22 06:40:14 [notice] 1#1: built by gcc 10.2.1 20210110 (Debian 10.2.1-6) 
2024/05/22 06:40:14 [notice] 1#1: OS: Linux 6.6.26-linuxkit
2024/05/22 06:40:14 [notice] 1#1: getrlimit(RLIMIT_NOFILE): 1048576:1048576
2024/05/22 06:40:14 [notice] 1#1: start worker processes
2024/05/22 06:40:14 [notice] 1#1: start worker process 30
2024/05/22 06:40:14 [notice] 1#1: start worker process 31
2024/05/22 06:40:14 [notice] 1#1: start worker process 32
2024/05/22 06:40:14 [notice] 1#1: start worker process 33
2024/05/22 06:40:14 [notice] 1#1: start worker process 34
2024/05/22 06:40:14 [notice] 1#1: start worker process 35
2024/05/22 06:40:14 [notice] 1#1: start worker process 36
2024/05/22 06:40:14 [notice] 1#1: start worker process 37
2024/05/22 08:10:03 [notice] 1#1: signal 3 (SIGQUIT) received, shutting down
2024/05/22 08:10:04 [notice] 32#32: gracefully shutting down
2024/05/22 08:10:04 [notice] 30#30: gracefully shutting down
2024/05/22 08:10:04 [notice] 34#34: gracefully shutting down
2024/05/22 08:10:04 [notice] 31#31: gracefully shutting down
2024/05/22 08:10:04 [notice] 33#33: gracefully shutting down
2024/05/22 08:10:04 [notice] 37#37: gracefully shutting down
2024/05/22 08:10:04 [notice] 32#32: exiting
2024/05/22 08:10:04 [notice] 32#32: exit
2024/05/22 08:10:04 [notice] 36#36: gracefully shutting down
2024/05/22 08:10:04 [notice] 30#30: exiting
2024/05/22 08:10:04 [notice] 35#35: gracefully shutting down
2024/05/22 08:10:04 [notice] 35#35: exiting
2024/05/22 08:10:04 [notice] 31#31: exiting
2024/05/22 08:10:04 [notice] 34#34: exiting
2024/05/22 08:10:04 [notice] 34#34: exit
2024/05/22 08:10:04 [notice] 33#33: exiting
2024/05/22 08:10:04 [notice] 37#37: exiting
2024/05/22 08:10:04 [notice] 30#30: exit
2024/05/22 08:10:04 [notice] 35#35: exit
2024/05/22 08:10:04 [notice] 36#36: exiting
2024/05/22 08:10:04 [notice] 31#31: exit
2024/05/22 08:10:04 [notice] 36#36: exit
2024/05/22 08:10:04 [notice] 33#33: exit
2024/05/22 08:10:04 [notice] 37#37: exit
2024/05/22 08:10:04 [notice] 1#1: signal 17 (SIGCHLD) received from 37
2024/05/22 08:10:04 [notice] 1#1: worker process 37 exited with code 0
2024/05/22 08:10:04 [notice] 1#1: worker process 30 exited with code 0
2024/05/22 08:10:04 [notice] 1#1: worker process 32 exited with code 0
2024/05/22 08:10:04 [notice] 1#1: worker process 31 exited with code 0
2024/05/22 08:10:04 [notice] 1#1: worker process 33 exited with code 0
2024/05/22 08:10:04 [notice] 1#1: worker process 34 exited with code 0
2024/05/22 08:10:04 [notice] 1#1: worker process 35 exited with code 0
2024/05/22 08:10:04 [notice] 1#1: worker process 36 exited with code 0
2024/05/22 08:10:04 [notice] 1#1: exit
